<?xml version="1.0" encoding="UTF-8"?>
<!-- Generated by org.testng.reporters.JUnitReportReporter -->
<testsuite hostname="Sumedha-Wani" name="com.dias.utilities.CommonUtility" tests="1" failures="0" timestamp="23 Jan 2020 08:25:40 GMT" time="0.611" errors="0">
  <testcase name="chat" time="0.611" classname="com.dias.utilities.CommonUtility"/>
</testsuite> <!-- com.dias.utilities.CommonUtility -->
