<?xml version="1.0" encoding="UTF-8"?>
<!-- Generated by org.testng.reporters.JUnitReportReporter -->
<testsuite hostname="Sumedha-Wani" name="com.dias.steps.SignupTest" tests="1" failures="0" timestamp="24 Jan 2020 09:15:58 GMT" time="5.088" errors="0">
  <testcase name="signUp" time="5.088" classname="com.dias.steps.SignupTest"/>
</testsuite> <!-- com.dias.steps.SignupTest -->
