<?xml version="1.0" encoding="UTF-8"?>
<!-- Generated by org.testng.reporters.JUnitReportReporter -->
<testsuite hostname="Sumedha-Wani" name="com.dias.steps.Search" tests="1" failures="0" timestamp="21 Jan 2020 08:32:41 GMT" time="2.353" errors="0">
  <testcase name="search" time="2.353" classname="com.dias.steps.Search"/>
</testsuite> <!-- com.dias.steps.Search -->
