<?xml version="1.0" encoding="UTF-8"?>
<!-- Generated by org.testng.reporters.JUnitReportReporter -->
<testsuite hostname="Sumedha-Wani" name="com.dias.steps.ChatWidget" tests="1" failures="0" timestamp="20 Jan 2020 12:14:31 GMT" time="17.137" errors="0">
  <testcase name="chatwid" time="17.137" classname="com.dias.steps.ChatWidget"/>
</testsuite> <!-- com.dias.steps.ChatWidget -->
